<?xml version="1.0" encoding="UTF-8"?>
<!-- Generated by org.testng.reporters.JUnitReportReporter -->
<testsuite skipped="0" hostname="MONA" name="MavenProject.SampleTest2" tests="1" failures="0" timestamp="2021-02-23T22:08:12 IST" time="49.687" errors="0">
  <testcase name="GetTitle" time="49.687" classname="MavenProject.SampleTest2"/>
  <system-out/>
</testsuite> <!-- MavenProject.SampleTest2 -->
