<?xml version="1.0" encoding="UTF-8"?>
<!-- Generated by org.testng.reporters.JUnitReportReporter -->
<testsuite skipped="0" hostname="MONA" name="MavenProject.SampleTest3" tests="1" failures="0" timestamp="2021-02-23T22:08:12 IST" time="13.353" errors="0">
  <testcase name="sampletest" time="13.353" classname="MavenProject.SampleTest3"/>
  <system-out/>
</testsuite> <!-- MavenProject.SampleTest3 -->
