<?xml version="1.0" encoding="UTF-8"?>
<!-- Generated by org.testng.reporters.JUnitReportReporter -->
<testsuite skipped="0" hostname="MONA" name="MavenProject.SampleTest1" tests="1" failures="0" timestamp="2021-02-23T22:08:12 IST" time="15.115" errors="0">
  <testcase name="sampletest" time="15.115" classname="MavenProject.SampleTest1"/>
  <system-out/>
</testsuite> <!-- MavenProject.SampleTest1 -->
