<?xml version="1.0" encoding="UTF-8"?>
<!-- Generated by org.testng.reporters.JUnitReportReporter -->
<testsuite skipped="0" hostname="MONA" name="MavenProject.Sample2Test" tests="1" failures="0" timestamp="2021-02-24T22:28:36 IST" time="26.867" errors="0">
  <testcase name="GetTitle" time="26.867" classname="MavenProject.Sample2Test"/>
  <system-out/>
</testsuite> <!-- MavenProject.Sample2Test -->
