<?xml version="1.0" encoding="UTF-8"?>
<!-- Generated by org.testng.reporters.JUnitReportReporter -->
<testsuite skipped="0" hostname="MONA" name="MavenProject.Sample3Test" tests="1" failures="0" timestamp="2021-02-24T22:28:36 IST" time="9.851" errors="0">
  <testcase name="sampletest" time="9.851" classname="MavenProject.Sample3Test"/>
  <system-out/>
</testsuite> <!-- MavenProject.Sample3Test -->
