<?xml version="1.0" encoding="UTF-8"?>
<!-- Generated by org.testng.reporters.JUnitReportReporter -->
<testsuite skipped="0" hostname="MONA" name="MavenProject.Sample1Test" tests="1" failures="0" timestamp="2021-02-24T22:28:36 IST" time="21.764" errors="0">
  <testcase name="sampletest" time="21.764" classname="MavenProject.Sample1Test"/>
  <system-out/>
</testsuite> <!-- MavenProject.Sample1Test -->
